2025-03-11 09:33:36 [restartedMain] - Starting ConwayguiApplication using Java 17.0.14 with PID 85023 (/Users/sebastiano/Documents/IngegneriaSistemiSoftware/iss/conwaygui/build/classes/java/main started by sebastiano in /Users/sebastiano/Documents/IngegneriaSistemiSoftware/iss/conwaygui)
2025-03-11 09:33:36 [restartedMain] - No active profile set, falling back to 1 default profile: "default"
2025-03-11 09:33:36 [restartedMain] - Devtools property defaults active! Set 'spring.devtools.add-properties' to 'false' to disable
2025-03-11 09:33:36 [restartedMain] - For additional web related logging consider setting the 'logging.level.web' property to 'DEBUG'
2025-03-11 09:33:36 [restartedMain] - Tomcat initialized with port 7110 (http)
2025-03-11 09:33:36 [restartedMain] - Initializing ProtocolHandler ["http-nio-7110"]
2025-03-11 09:33:36 [restartedMain] - Starting service [Tomcat]
2025-03-11 09:33:36 [restartedMain] - Starting Servlet engine: [Apache Tomcat/10.1.34]
2025-03-11 09:33:36 [restartedMain] - Initializing Spring embedded WebApplicationContext
2025-03-11 09:33:36 [restartedMain] - Root WebApplicationContext: initialization completed in 330 ms
2025-03-11 09:33:36 [restartedMain] - Adding welcome page: class path resource [static/index.html]
2025-03-11 09:33:36 [restartedMain] - LiveReload server is running on port 35729
2025-03-11 09:33:36 [restartedMain] - Starting ProtocolHandler ["http-nio-7110"]
2025-03-11 09:33:36 [restartedMain] - Tomcat started on port 7110 (http) with context path '/'
2025-03-11 09:33:36 [restartedMain] - Started ConwayguiApplication in 0.623 seconds (process running for 0.821)
2025-03-11 09:34:02 [http-nio-7110-exec-1] - Initializing Spring DispatcherServlet 'dispatcherServlet'
2025-03-11 09:34:02 [http-nio-7110-exec-1] - Initializing Servlet 'dispatcherServlet'
2025-03-11 09:34:02 [http-nio-7110-exec-1] - Completed initialization in 1 ms
2025-03-11 09:35:26 [SpringApplicationShutdownHook] - Commencing graceful shutdown. Waiting for active requests to complete
2025-03-11 09:35:26 [tomcat-shutdown] - Graceful shutdown complete
2025-03-11 09:35:56 [restartedMain] - Starting ConwayguiApplication using Java 17.0.14 with PID 85079 (/Users/sebastiano/Documents/IngegneriaSistemiSoftware/iss/conwaygui/build/classes/java/main started by sebastiano in /Users/sebastiano/Documents/IngegneriaSistemiSoftware/iss/conwaygui)
2025-03-11 09:35:56 [restartedMain] - No active profile set, falling back to 1 default profile: "default"
2025-03-11 09:35:56 [restartedMain] - Devtools property defaults active! Set 'spring.devtools.add-properties' to 'false' to disable
2025-03-11 09:35:56 [restartedMain] - For additional web related logging consider setting the 'logging.level.web' property to 'DEBUG'
2025-03-11 09:35:56 [restartedMain] - Tomcat initialized with port 7110 (http)
2025-03-11 09:35:56 [restartedMain] - Initializing ProtocolHandler ["http-nio-7110"]
2025-03-11 09:35:56 [restartedMain] - Starting service [Tomcat]
2025-03-11 09:35:56 [restartedMain] - Starting Servlet engine: [Apache Tomcat/10.1.34]
2025-03-11 09:35:56 [restartedMain] - Initializing Spring embedded WebApplicationContext
2025-03-11 09:35:56 [restartedMain] - Root WebApplicationContext: initialization completed in 306 ms
2025-03-11 09:35:56 [restartedMain] - Adding welcome page: class path resource [static/index.html]
2025-03-11 09:35:56 [restartedMain] - LiveReload server is running on port 35729
2025-03-11 09:35:56 [restartedMain] - Starting ProtocolHandler ["http-nio-7110"]
2025-03-11 09:35:56 [restartedMain] - Tomcat started on port 7110 (http) with context path '/'
2025-03-11 09:35:56 [restartedMain] - Started ConwayguiApplication in 0.585 seconds (process running for 0.775)
2025-03-11 09:36:08 [http-nio-7110-exec-1] - Initializing Spring DispatcherServlet 'dispatcherServlet'
2025-03-11 09:36:08 [http-nio-7110-exec-1] - Initializing Servlet 'dispatcherServlet'
2025-03-11 09:36:08 [http-nio-7110-exec-1] - Completed initialization in 1 ms
2025-03-11 09:40:59 [SpringApplicationShutdownHook] - Commencing graceful shutdown. Waiting for active requests to complete
2025-03-11 09:40:59 [tomcat-shutdown] - Graceful shutdown complete
2025-03-11 10:00:51 [restartedMain] - Starting ConwayguiApplication using Java 17.0.14 with PID 85257 (/Users/sebastiano/Documents/IngegneriaSistemiSoftware/iss/conwaygui/build/classes/java/main started by sebastiano in /Users/sebastiano/Documents/IngegneriaSistemiSoftware/iss/conwaygui)
2025-03-11 10:00:51 [restartedMain] - No active profile set, falling back to 1 default profile: "default"
2025-03-11 10:00:51 [restartedMain] - Devtools property defaults active! Set 'spring.devtools.add-properties' to 'false' to disable
2025-03-11 10:00:51 [restartedMain] - For additional web related logging consider setting the 'logging.level.web' property to 'DEBUG'
2025-03-11 10:00:51 [restartedMain] - Tomcat initialized with port 7110 (http)
2025-03-11 10:00:51 [restartedMain] - Initializing ProtocolHandler ["http-nio-7110"]
2025-03-11 10:00:51 [restartedMain] - Starting service [Tomcat]
2025-03-11 10:00:51 [restartedMain] - Starting Servlet engine: [Apache Tomcat/10.1.34]
2025-03-11 10:00:51 [restartedMain] - Initializing Spring embedded WebApplicationContext
2025-03-11 10:00:51 [restartedMain] - Root WebApplicationContext: initialization completed in 342 ms
2025-03-11 10:00:52 [restartedMain] - Adding welcome page: class path resource [static/index.html]
2025-03-11 10:00:52 [restartedMain] - LiveReload server is running on port 35729
2025-03-11 10:00:52 [restartedMain] - Starting ProtocolHandler ["http-nio-7110"]
2025-03-11 10:00:52 [restartedMain] - Tomcat started on port 7110 (http) with context path '/'
2025-03-11 10:00:52 [restartedMain] - Started ConwayguiApplication in 0.634 seconds (process running for 0.857)
2025-03-11 10:01:13 [SpringApplicationShutdownHook] - Commencing graceful shutdown. Waiting for active requests to complete
2025-03-11 10:01:13 [tomcat-shutdown] - Graceful shutdown complete
2025-03-11 10:02:10 [restartedMain] - Starting ConwayguiApplication using Java 17.0.14 with PID 85325 (/Users/sebastiano/Documents/IngegneriaSistemiSoftware/iss/conwaygui/build/classes/java/main started by sebastiano in /Users/sebastiano/Documents/IngegneriaSistemiSoftware/iss/conwaygui)
2025-03-11 10:02:10 [restartedMain] - No active profile set, falling back to 1 default profile: "default"
2025-03-11 10:02:10 [restartedMain] - Devtools property defaults active! Set 'spring.devtools.add-properties' to 'false' to disable
2025-03-11 10:02:10 [restartedMain] - For additional web related logging consider setting the 'logging.level.web' property to 'DEBUG'
2025-03-11 10:02:11 [restartedMain] - Tomcat initialized with port 7110 (http)
2025-03-11 10:02:11 [restartedMain] - Initializing ProtocolHandler ["http-nio-7110"]
2025-03-11 10:02:11 [restartedMain] - Starting service [Tomcat]
2025-03-11 10:02:11 [restartedMain] - Starting Servlet engine: [Apache Tomcat/10.1.34]
2025-03-11 10:02:11 [restartedMain] - Initializing Spring embedded WebApplicationContext
2025-03-11 10:02:11 [restartedMain] - Root WebApplicationContext: initialization completed in 358 ms
2025-03-11 10:02:11 [restartedMain] - Adding welcome page: class path resource [static/index.html]
2025-03-11 10:02:11 [restartedMain] - LiveReload server is running on port 35729
2025-03-11 10:02:11 [restartedMain] - Starting ProtocolHandler ["http-nio-7110"]
2025-03-11 10:02:11 [restartedMain] - Tomcat started on port 7110 (http) with context path '/'
2025-03-11 10:02:11 [restartedMain] - Started ConwayguiApplication in 0.661 seconds (process running for 0.857)
2025-03-11 10:02:23 [SpringApplicationShutdownHook] - Commencing graceful shutdown. Waiting for active requests to complete
2025-03-11 10:02:23 [tomcat-shutdown] - Graceful shutdown complete
