2025-03-19 21:20:57 [restartedMain] - Starting ConwayguiApplication using Java 17.0.14 with PID 9174 (/Users/sebastiano/Documents/IngegneriaSistemiSoftware/iss/conwaygui/build/classes/java/main started by sebastiano in /Users/sebastiano/Documents/IngegneriaSistemiSoftware/iss)
2025-03-19 21:20:57 [restartedMain] - No active profile set, falling back to 1 default profile: "default"
2025-03-19 21:20:57 [restartedMain] - Devtools property defaults active! Set 'spring.devtools.add-properties' to 'false' to disable
2025-03-19 21:20:57 [restartedMain] - For additional web related logging consider setting the 'logging.level.web' property to 'DEBUG'
2025-03-19 21:20:58 [restartedMain] - Tomcat initialized with port 7110 (http)
2025-03-19 21:20:58 [restartedMain] - Initializing ProtocolHandler ["http-nio-7110"]
2025-03-19 21:20:58 [restartedMain] - Starting service [Tomcat]
2025-03-19 21:20:58 [restartedMain] - Starting Servlet engine: [Apache Tomcat/10.1.34]
2025-03-19 21:20:58 [restartedMain] - Initializing Spring embedded WebApplicationContext
2025-03-19 21:20:58 [restartedMain] - Root WebApplicationContext: initialization completed in 394 ms
2025-03-19 21:20:58 [restartedMain] - Adding welcome page: class path resource [static/index.html]
2025-03-19 21:20:58 [restartedMain] - LiveReload server is running on port 35729
2025-03-19 21:20:58 [restartedMain] - Starting ProtocolHandler ["http-nio-7110"]
2025-03-19 21:20:58 [restartedMain] - Tomcat started on port 7110 (http) with context path '/'
2025-03-19 21:20:58 [restartedMain] - Started ConwayguiApplication in 0.689 seconds (process running for 1.003)
2025-03-19 21:22:06 [http-nio-7110-exec-1] - Initializing Spring DispatcherServlet 'dispatcherServlet'
2025-03-19 21:22:06 [http-nio-7110-exec-1] - Initializing Servlet 'dispatcherServlet'
2025-03-19 21:22:06 [http-nio-7110-exec-1] - Completed initialization in 1 ms
2025-03-19 21:22:57 [SpringApplicationShutdownHook] - Commencing graceful shutdown. Waiting for active requests to complete
2025-03-19 21:22:57 [tomcat-shutdown] - Graceful shutdown complete
